2025-02-12 14:19:10,365 DEBUG    root            Loaded Command Group: ['gcloud', 'components']
2025-02-12 14:19:10,367 DEBUG    root            Loaded Command Group: ['gcloud', 'components', 'update']
2025-02-12 14:19:10,369 DEBUG    root            Running [gcloud.components.update] with arguments: [--quiet: "True", COMPONENT-IDS:8: "['gcloud', 'core', 'bq', 'gsutil', 'compute', 'preview', 'alpha', 'beta']"]
2025-02-12 14:19:10,370 INFO     ___FILE_ONLY___ Beginning update. This process may take several minutes.

2025-02-12 14:19:10,378 DEBUG    urllib3.connectionpool Starting new HTTPS connection (1): dl.google.com:443
2025-02-12 14:19:10,627 DEBUG    urllib3.connectionpool https://dl.google.com:443 "GET /dl/cloudsdk/channels/rapid/components-2.json HTTP/11" 200 227832
2025-02-12 14:19:10,640 WARNING  root            Component [compute] no longer exists.
2025-02-12 14:19:10,641 INFO     ___FILE_ONLY___ 

2025-02-12 14:19:10,642 INFO     ___FILE_ONLY___ 
Your current Google Cloud CLI version is: 510.0.0

2025-02-12 14:19:10,642 INFO     ___FILE_ONLY___ Installing components from version: 510.0.0

2025-02-12 14:19:10,642 INFO     ___FILE_ONLY___ 

2025-02-12 14:19:10,642 DEBUG    root            Chosen display Format:table[box,title="These components will be removed."](details.display_name:label=Name:align=left,version.version_string:label=Version:align=right,data.size.size(zero="",min=1048576):label=Size:align=right)
2025-02-12 14:19:10,643 DEBUG    root            Chosen display Format:table[box,title="These components will be updated."](details.display_name:label=Name:align=left,version.version_string:label=Version:align=right,data.size.size(zero="",min=1048576):label=Size:align=right)
2025-02-12 14:19:10,643 DEBUG    root            Chosen display Format:table[box,title="These components will be installed."](details.display_name:label=Name:align=left,version.version_string:label=Version:align=right,data.size.size(zero="",min=1048576):label=Size:align=right)
2025-02-12 14:19:10,657 INFO     ___FILE_ONLY___ ┌────────────────────────────────────────────────┐
2025-02-12 14:19:10,657 INFO     ___FILE_ONLY___ 

2025-02-12 14:19:10,657 INFO     ___FILE_ONLY___ │      These components will be installed.       │
2025-02-12 14:19:10,657 INFO     ___FILE_ONLY___ 

2025-02-12 14:19:10,657 INFO     ___FILE_ONLY___ ├─────────────────────────┬────────────┬─────────┤
2025-02-12 14:19:10,657 INFO     ___FILE_ONLY___ 

2025-02-12 14:19:10,657 INFO     ___FILE_ONLY___ │           Name          │  Version   │   Size  │
2025-02-12 14:19:10,657 INFO     ___FILE_ONLY___ 

2025-02-12 14:19:10,657 INFO     ___FILE_ONLY___ ├─────────────────────────┼────────────┼─────────┤
2025-02-12 14:19:10,657 INFO     ___FILE_ONLY___ 

2025-02-12 14:19:10,657 INFO     ___FILE_ONLY___ │ 
2025-02-12 14:19:10,657 INFO     ___FILE_ONLY___ gcloud Alpha Commands  
2025-02-12 14:19:10,657 INFO     ___FILE_ONLY___  
2025-02-12 14:19:10,658 INFO     ___FILE_ONLY___ │ 
2025-02-12 14:19:10,658 INFO     ___FILE_ONLY___ 2025.02.10
2025-02-12 14:19:10,658 INFO     ___FILE_ONLY___  
2025-02-12 14:19:10,658 INFO     ___FILE_ONLY___ │ 
2025-02-12 14:19:10,658 INFO     ___FILE_ONLY___ < 1 MiB
2025-02-12 14:19:10,658 INFO     ___FILE_ONLY___  
2025-02-12 14:19:10,658 INFO     ___FILE_ONLY___ │
2025-02-12 14:19:10,658 INFO     ___FILE_ONLY___ 

2025-02-12 14:19:10,658 INFO     ___FILE_ONLY___ │ 
2025-02-12 14:19:10,658 INFO     ___FILE_ONLY___ gcloud Beta Commands   
2025-02-12 14:19:10,658 INFO     ___FILE_ONLY___  
2025-02-12 14:19:10,658 INFO     ___FILE_ONLY___ │ 
2025-02-12 14:19:10,658 INFO     ___FILE_ONLY___ 2025.02.10
2025-02-12 14:19:10,658 INFO     ___FILE_ONLY___  
2025-02-12 14:19:10,658 INFO     ___FILE_ONLY___ │ 
2025-02-12 14:19:10,658 INFO     ___FILE_ONLY___ < 1 MiB
2025-02-12 14:19:10,658 INFO     ___FILE_ONLY___  
2025-02-12 14:19:10,658 INFO     ___FILE_ONLY___ │
2025-02-12 14:19:10,658 INFO     ___FILE_ONLY___ 

2025-02-12 14:19:10,658 INFO     ___FILE_ONLY___ │ 
2025-02-12 14:19:10,658 INFO     ___FILE_ONLY___ gcloud Preview Commands
2025-02-12 14:19:10,659 INFO     ___FILE_ONLY___  
2025-02-12 14:19:10,659 INFO     ___FILE_ONLY___ │ 
2025-02-12 14:19:10,659 INFO     ___FILE_ONLY___           
2025-02-12 14:19:10,659 INFO     ___FILE_ONLY___  
2025-02-12 14:19:10,659 INFO     ___FILE_ONLY___ │ 
2025-02-12 14:19:10,659 INFO     ___FILE_ONLY___ < 1 MiB
2025-02-12 14:19:10,659 INFO     ___FILE_ONLY___  
2025-02-12 14:19:10,659 INFO     ___FILE_ONLY___ │
2025-02-12 14:19:10,659 INFO     ___FILE_ONLY___ 

2025-02-12 14:19:10,659 INFO     ___FILE_ONLY___ └─────────────────────────┴────────────┴─────────┘
2025-02-12 14:19:10,659 INFO     ___FILE_ONLY___ 

2025-02-12 14:19:10,659 INFO     ___FILE_ONLY___ 

2025-02-12 14:19:10,662 DEBUG    urllib3.connectionpool Starting new HTTPS connection (1): dl.google.com:443
2025-02-12 14:19:10,868 DEBUG    urllib3.connectionpool https://dl.google.com:443 "GET /dl/cloudsdk/channels/rapid/RELEASE_NOTES HTTP/11" 200 1354946
2025-02-12 14:19:11,311 INFO     ___FILE_ONLY___ For the latest full release notes, please visit:
  https://cloud.google.com/sdk/release_notes


2025-02-12 14:19:11,312 INFO     ___FILE_ONLY___ Performing in place update...


2025-02-12 14:19:11,314 INFO     ___FILE_ONLY___ ╔════════════════════════════════════════════════════════════╗

2025-02-12 14:19:11,314 INFO     ___FILE_ONLY___ ╠═ Downloading: gcloud Alpha Commands                       ═╣

2025-02-12 14:19:11,314 INFO     ___FILE_ONLY___ ╚
2025-02-12 14:19:11,317 DEBUG    urllib3.connectionpool Starting new HTTPS connection (1): dl.google.com:443
2025-02-12 14:19:11,521 DEBUG    urllib3.connectionpool https://dl.google.com:443 "GET /dl/cloudsdk/channels/rapid/components/google-cloud-sdk-alpha-20250210213649.tar.gz HTTP/11" 200 800
2025-02-12 14:19:11,522 INFO     ___FILE_ONLY___ ════════════════════════════════════════════════════════════
2025-02-12 14:19:11,522 INFO     ___FILE_ONLY___ ╝

2025-02-12 14:19:11,524 INFO     ___FILE_ONLY___ ╔════════════════════════════════════════════════════════════╗

2025-02-12 14:19:11,524 INFO     ___FILE_ONLY___ ╠═ Downloading: gcloud Beta Commands                        ═╣

2025-02-12 14:19:11,524 INFO     ___FILE_ONLY___ ╚
2025-02-12 14:19:11,527 DEBUG    urllib3.connectionpool Starting new HTTPS connection (1): dl.google.com:443
2025-02-12 14:19:11,758 DEBUG    urllib3.connectionpool https://dl.google.com:443 "GET /dl/cloudsdk/channels/rapid/components/google-cloud-sdk-beta-20250210213649.tar.gz HTTP/11" 200 797
2025-02-12 14:19:11,759 INFO     ___FILE_ONLY___ ════════════════════════════════════════════════════════════
2025-02-12 14:19:11,759 INFO     ___FILE_ONLY___ ╝

2025-02-12 14:19:11,761 INFO     ___FILE_ONLY___ ╔════════════════════════════════════════════════════════════╗

2025-02-12 14:19:11,761 INFO     ___FILE_ONLY___ ╠═ Downloading: gcloud Preview Commands                     ═╣

2025-02-12 14:19:11,761 INFO     ___FILE_ONLY___ ╚
2025-02-12 14:19:11,763 DEBUG    urllib3.connectionpool Starting new HTTPS connection (1): dl.google.com:443
2025-02-12 14:19:12,043 DEBUG    urllib3.connectionpool https://dl.google.com:443 "GET /dl/cloudsdk/channels/rapid/components/google-cloud-sdk-preview-20241115154308.tar.gz HTTP/11" 200 823
2025-02-12 14:19:12,044 INFO     ___FILE_ONLY___ ════════════════════════════════════════════════════════════
2025-02-12 14:19:12,044 INFO     ___FILE_ONLY___ ╝

2025-02-12 14:19:12,046 INFO     ___FILE_ONLY___ ╔════════════════════════════════════════════════════════════╗

2025-02-12 14:19:12,046 INFO     ___FILE_ONLY___ ╠═ Installing: gcloud Alpha Commands                        ═╣

2025-02-12 14:19:12,046 INFO     ___FILE_ONLY___ ╚
2025-02-12 14:19:12,047 INFO     ___FILE_ONLY___ ════════════════════════════════════════════════════════════
2025-02-12 14:19:12,047 INFO     ___FILE_ONLY___ ╝

2025-02-12 14:19:12,052 INFO     ___FILE_ONLY___ ╔════════════════════════════════════════════════════════════╗

2025-02-12 14:19:12,052 INFO     ___FILE_ONLY___ ╠═ Installing: gcloud Beta Commands                         ═╣

2025-02-12 14:19:12,052 INFO     ___FILE_ONLY___ ╚
2025-02-12 14:19:12,053 INFO     ___FILE_ONLY___ ════════════════════════════════════════════════════════════
2025-02-12 14:19:12,053 INFO     ___FILE_ONLY___ ╝

2025-02-12 14:19:12,057 INFO     ___FILE_ONLY___ ╔════════════════════════════════════════════════════════════╗

2025-02-12 14:19:12,057 INFO     ___FILE_ONLY___ ╠═ Installing: gcloud Preview Commands                      ═╣

2025-02-12 14:19:12,057 INFO     ___FILE_ONLY___ ╚
2025-02-12 14:19:12,058 INFO     ___FILE_ONLY___ ════════════════════════════════════════════════════════════
2025-02-12 14:19:12,058 INFO     ___FILE_ONLY___ ╝

2025-02-12 14:19:12,063 DEBUG    root            Updating notification cache...
2025-02-12 14:19:12,063 INFO     ___FILE_ONLY___ 

2025-02-12 14:19:12,065 INFO     ___FILE_ONLY___ Performing post processing steps...
2025-02-12 14:19:12,065 DEBUG    root            Executing command: ['/tools/google-cloud-sdk/bin/gcloud', 'components', 'post-process']
2025-02-12 14:19:20,275 DEBUG    ___FILE_ONLY___ 
2025-02-12 14:19:20,276 DEBUG    ___FILE_ONLY___ 
2025-02-12 14:19:20,336 INFO     ___FILE_ONLY___ 
Update done!


2025-02-12 14:19:20,339 DEBUG    root            Chosen display Format:none
2025-02-12 14:19:20,339 INFO     root            Display format: "none"
