2025-02-12 14:18:51,286 DEBUG    root            Loaded Command Group: ['gcloud', 'components']
2025-02-12 14:18:51,290 DEBUG    root            Loaded Command Group: ['gcloud', 'components', 'update']
2025-02-12 14:18:51,292 DEBUG    root            Running [gcloud.components.update] with arguments: [--compile-python: "True", --quiet: "True", COMPONENT-IDS:6: "['core', 'gcloud-deps', 'bq', 'gcloud', 'gcloud-crc32c', 'gsutil']"]
2025-02-12 14:18:51,293 INFO     ___FILE_ONLY___ Beginning update. This process may take several minutes.

2025-02-12 14:18:51,326 DEBUG    urllib3.connectionpool Starting new HTTPS connection (1): dl.google.com:443
2025-02-12 14:18:51,534 DEBUG    urllib3.connectionpool https://dl.google.com:443 "GET /dl/cloudsdk/channels/rapid/components-2.json HTTP/11" 200 227832
2025-02-12 14:18:51,553 INFO     ___FILE_ONLY___ 

2025-02-12 14:18:51,554 INFO     ___FILE_ONLY___ 
Your current Google Cloud CLI version is: 510.0.0

2025-02-12 14:18:51,554 INFO     ___FILE_ONLY___ Installing components from version: 510.0.0

2025-02-12 14:18:51,554 INFO     ___FILE_ONLY___ 

2025-02-12 14:18:51,554 DEBUG    root            Chosen display Format:table[box,title="These components will be removed."](details.display_name:label=Name:align=left,version.version_string:label=Version:align=right,data.size.size(zero="",min=1048576):label=Size:align=right)
2025-02-12 14:18:51,554 DEBUG    root            Chosen display Format:table[box,title="These components will be updated."](details.display_name:label=Name:align=left,version.version_string:label=Version:align=right,data.size.size(zero="",min=1048576):label=Size:align=right)
2025-02-12 14:18:51,555 DEBUG    root            Chosen display Format:table[box,title="These components will be installed."](details.display_name:label=Name:align=left,version.version_string:label=Version:align=right,data.size.size(zero="",min=1048576):label=Size:align=right)
2025-02-12 14:18:51,590 INFO     ___FILE_ONLY___ ┌─────────────────────────────────────────────────────────────────────────────┐
2025-02-12 14:18:51,590 INFO     ___FILE_ONLY___ 

2025-02-12 14:18:51,590 INFO     ___FILE_ONLY___ │                     These components will be installed.                     │
2025-02-12 14:18:51,590 INFO     ___FILE_ONLY___ 

2025-02-12 14:18:51,590 INFO     ___FILE_ONLY___ ├─────────────────────────────────────────────────────┬────────────┬──────────┤
2025-02-12 14:18:51,590 INFO     ___FILE_ONLY___ 

2025-02-12 14:18:51,590 INFO     ___FILE_ONLY___ │                         Name                        │  Version   │   Size   │
2025-02-12 14:18:51,590 INFO     ___FILE_ONLY___ 

2025-02-12 14:18:51,590 INFO     ___FILE_ONLY___ ├─────────────────────────────────────────────────────┼────────────┼──────────┤
2025-02-12 14:18:51,590 INFO     ___FILE_ONLY___ 

2025-02-12 14:18:51,590 INFO     ___FILE_ONLY___ │ 
2025-02-12 14:18:51,590 INFO     ___FILE_ONLY___ BigQuery Command Line Tool                         
2025-02-12 14:18:51,590 INFO     ___FILE_ONLY___  
2025-02-12 14:18:51,591 INFO     ___FILE_ONLY___ │ 
2025-02-12 14:18:51,591 INFO     ___FILE_ONLY___     2.1.12
2025-02-12 14:18:51,591 INFO     ___FILE_ONLY___  
2025-02-12 14:18:51,591 INFO     ___FILE_ONLY___ │ 
2025-02-12 14:18:51,591 INFO     ___FILE_ONLY___  1.8 MiB
2025-02-12 14:18:51,591 INFO     ___FILE_ONLY___  
2025-02-12 14:18:51,591 INFO     ___FILE_ONLY___ │
2025-02-12 14:18:51,591 INFO     ___FILE_ONLY___ 

2025-02-12 14:18:51,591 INFO     ___FILE_ONLY___ │ 
2025-02-12 14:18:51,591 INFO     ___FILE_ONLY___ BigQuery Command Line Tool (Platform Specific)     
2025-02-12 14:18:51,591 INFO     ___FILE_ONLY___  
2025-02-12 14:18:51,591 INFO     ___FILE_ONLY___ │ 
2025-02-12 14:18:51,591 INFO     ___FILE_ONLY___      2.1.8
2025-02-12 14:18:51,591 INFO     ___FILE_ONLY___  
2025-02-12 14:18:51,591 INFO     ___FILE_ONLY___ │ 
2025-02-12 14:18:51,591 INFO     ___FILE_ONLY___  < 1 MiB
2025-02-12 14:18:51,591 INFO     ___FILE_ONLY___  
2025-02-12 14:18:51,591 INFO     ___FILE_ONLY___ │
2025-02-12 14:18:51,591 INFO     ___FILE_ONLY___ 

2025-02-12 14:18:51,591 INFO     ___FILE_ONLY___ │ 
2025-02-12 14:18:51,591 INFO     ___FILE_ONLY___ Bundled Python 3.12 (Platform Specific)            
2025-02-12 14:18:51,592 INFO     ___FILE_ONLY___  
2025-02-12 14:18:51,592 INFO     ___FILE_ONLY___ │ 
2025-02-12 14:18:51,592 INFO     ___FILE_ONLY___     3.12.8
2025-02-12 14:18:51,592 INFO     ___FILE_ONLY___  
2025-02-12 14:18:51,592 INFO     ___FILE_ONLY___ │ 
2025-02-12 14:18:51,592 INFO     ___FILE_ONLY___ 89.2 MiB
2025-02-12 14:18:51,592 INFO     ___FILE_ONLY___  
2025-02-12 14:18:51,592 INFO     ___FILE_ONLY___ │
2025-02-12 14:18:51,592 INFO     ___FILE_ONLY___ 

2025-02-12 14:18:51,592 INFO     ___FILE_ONLY___ │ 
2025-02-12 14:18:51,592 INFO     ___FILE_ONLY___ Cloud Storage Command Line Tool                    
2025-02-12 14:18:51,592 INFO     ___FILE_ONLY___  
2025-02-12 14:18:51,592 INFO     ___FILE_ONLY___ │ 
2025-02-12 14:18:51,592 INFO     ___FILE_ONLY___       5.33
2025-02-12 14:18:51,592 INFO     ___FILE_ONLY___  
2025-02-12 14:18:51,592 INFO     ___FILE_ONLY___ │ 
2025-02-12 14:18:51,592 INFO     ___FILE_ONLY___ 11.8 MiB
2025-02-12 14:18:51,592 INFO     ___FILE_ONLY___  
2025-02-12 14:18:51,592 INFO     ___FILE_ONLY___ │
2025-02-12 14:18:51,592 INFO     ___FILE_ONLY___ 

2025-02-12 14:18:51,592 INFO     ___FILE_ONLY___ │ 
2025-02-12 14:18:51,592 INFO     ___FILE_ONLY___ Cloud Storage Command Line Tool (Platform Specific)
2025-02-12 14:18:51,593 INFO     ___FILE_ONLY___  
2025-02-12 14:18:51,593 INFO     ___FILE_ONLY___ │ 
2025-02-12 14:18:51,593 INFO     ___FILE_ONLY___       5.30
2025-02-12 14:18:51,593 INFO     ___FILE_ONLY___  
2025-02-12 14:18:51,593 INFO     ___FILE_ONLY___ │ 
2025-02-12 14:18:51,593 INFO     ___FILE_ONLY___  < 1 MiB
2025-02-12 14:18:51,593 INFO     ___FILE_ONLY___  
2025-02-12 14:18:51,593 INFO     ___FILE_ONLY___ │
2025-02-12 14:18:51,593 INFO     ___FILE_ONLY___ 

2025-02-12 14:18:51,593 INFO     ___FILE_ONLY___ │ 
2025-02-12 14:18:51,593 INFO     ___FILE_ONLY___ Google Cloud CLI Core Libraries (Platform Specific)
2025-02-12 14:18:51,593 INFO     ___FILE_ONLY___  
2025-02-12 14:18:51,593 INFO     ___FILE_ONLY___ │ 
2025-02-12 14:18:51,593 INFO     ___FILE_ONLY___ 2024.08.30
2025-02-12 14:18:51,593 INFO     ___FILE_ONLY___  
2025-02-12 14:18:51,593 INFO     ___FILE_ONLY___ │ 
2025-02-12 14:18:51,593 INFO     ___FILE_ONLY___  < 1 MiB
2025-02-12 14:18:51,593 INFO     ___FILE_ONLY___  
2025-02-12 14:18:51,593 INFO     ___FILE_ONLY___ │
2025-02-12 14:18:51,593 INFO     ___FILE_ONLY___ 

2025-02-12 14:18:51,593 INFO     ___FILE_ONLY___ │ 
2025-02-12 14:18:51,593 INFO     ___FILE_ONLY___ Google Cloud CRC32C Hash Tool (Platform Specific)  
2025-02-12 14:18:51,594 INFO     ___FILE_ONLY___  
2025-02-12 14:18:51,594 INFO     ___FILE_ONLY___ │ 
2025-02-12 14:18:51,594 INFO     ___FILE_ONLY___      1.0.0
2025-02-12 14:18:51,594 INFO     ___FILE_ONLY___  
2025-02-12 14:18:51,594 INFO     ___FILE_ONLY___ │ 
2025-02-12 14:18:51,594 INFO     ___FILE_ONLY___  1.4 MiB
2025-02-12 14:18:51,594 INFO     ___FILE_ONLY___  
2025-02-12 14:18:51,594 INFO     ___FILE_ONLY___ │
2025-02-12 14:18:51,594 INFO     ___FILE_ONLY___ 

2025-02-12 14:18:51,594 INFO     ___FILE_ONLY___ │ 
2025-02-12 14:18:51,594 INFO     ___FILE_ONLY___ gcloud cli dependencies (Platform Specific)        
2025-02-12 14:18:51,594 INFO     ___FILE_ONLY___  
2025-02-12 14:18:51,594 INFO     ___FILE_ONLY___ │ 
2025-02-12 14:18:51,594 INFO     ___FILE_ONLY___ 2021.04.16
2025-02-12 14:18:51,594 INFO     ___FILE_ONLY___  
2025-02-12 14:18:51,594 INFO     ___FILE_ONLY___ │ 
2025-02-12 14:18:51,594 INFO     ___FILE_ONLY___  < 1 MiB
2025-02-12 14:18:51,594 INFO     ___FILE_ONLY___  
2025-02-12 14:18:51,594 INFO     ___FILE_ONLY___ │
2025-02-12 14:18:51,594 INFO     ___FILE_ONLY___ 

2025-02-12 14:18:51,594 INFO     ___FILE_ONLY___ └─────────────────────────────────────────────────────┴────────────┴──────────┘
2025-02-12 14:18:51,594 INFO     ___FILE_ONLY___ 

2025-02-12 14:18:51,595 INFO     ___FILE_ONLY___ 

2025-02-12 14:18:51,597 DEBUG    urllib3.connectionpool Starting new HTTPS connection (1): dl.google.com:443
2025-02-12 14:18:51,867 DEBUG    urllib3.connectionpool https://dl.google.com:443 "GET /dl/cloudsdk/channels/rapid/RELEASE_NOTES HTTP/11" 200 1354946
2025-02-12 14:18:52,313 INFO     ___FILE_ONLY___ For the latest full release notes, please visit:
  https://cloud.google.com/sdk/release_notes


2025-02-12 14:18:52,313 INFO     ___FILE_ONLY___ Performing in place update...


2025-02-12 14:18:52,315 INFO     ___FILE_ONLY___ ╔════════════════════════════════════════════════════════════╗

2025-02-12 14:18:52,315 INFO     ___FILE_ONLY___ ╠═ Downloading: BigQuery Command Line Tool                  ═╣

2025-02-12 14:18:52,315 INFO     ___FILE_ONLY___ ╚
2025-02-12 14:18:52,319 DEBUG    urllib3.connectionpool Starting new HTTPS connection (1): dl.google.com:443
2025-02-12 14:18:52,567 DEBUG    urllib3.connectionpool https://dl.google.com:443 "GET /dl/cloudsdk/channels/rapid/components/google-cloud-sdk-bq-20250117151628.tar.gz HTTP/11" 200 1853621
2025-02-12 14:18:52,579 INFO     ___FILE_ONLY___ ═
2025-02-12 14:18:52,579 INFO     ___FILE_ONLY___ ═
2025-02-12 14:18:52,579 INFO     ___FILE_ONLY___ ═
2025-02-12 14:18:52,579 INFO     ___FILE_ONLY___ ═
2025-02-12 14:18:52,579 INFO     ___FILE_ONLY___ ═
2025-02-12 14:18:52,579 INFO     ___FILE_ONLY___ ═
2025-02-12 14:18:52,579 INFO     ___FILE_ONLY___ ═
2025-02-12 14:18:52,579 INFO     ___FILE_ONLY___ ═
2025-02-12 14:18:52,579 INFO     ___FILE_ONLY___ ═
2025-02-12 14:18:52,580 INFO     ___FILE_ONLY___ ═
2025-02-12 14:18:52,580 INFO     ___FILE_ONLY___ ═
2025-02-12 14:18:52,580 INFO     ___FILE_ONLY___ ═
2025-02-12 14:18:52,580 INFO     ___FILE_ONLY___ ═
2025-02-12 14:18:52,580 INFO     ___FILE_ONLY___ ═
2025-02-12 14:18:52,580 INFO     ___FILE_ONLY___ ═
2025-02-12 14:18:52,580 INFO     ___FILE_ONLY___ ═
2025-02-12 14:18:52,580 INFO     ___FILE_ONLY___ ═
2025-02-12 14:18:52,580 INFO     ___FILE_ONLY___ ═
2025-02-12 14:18:52,580 INFO     ___FILE_ONLY___ ═
2025-02-12 14:18:52,580 INFO     ___FILE_ONLY___ ═
2025-02-12 14:18:52,580 INFO     ___FILE_ONLY___ ═
2025-02-12 14:18:52,581 INFO     ___FILE_ONLY___ ═
2025-02-12 14:18:52,581 INFO     ___FILE_ONLY___ ═
2025-02-12 14:18:52,581 INFO     ___FILE_ONLY___ ═
2025-02-12 14:18:52,581 INFO     ___FILE_ONLY___ ═
2025-02-12 14:18:52,581 INFO     ___FILE_ONLY___ ═
2025-02-12 14:18:52,581 INFO     ___FILE_ONLY___ ═
2025-02-12 14:18:52,581 INFO     ___FILE_ONLY___ ═
2025-02-12 14:18:52,581 INFO     ___FILE_ONLY___ ═
2025-02-12 14:18:52,581 INFO     ___FILE_ONLY___ ═
2025-02-12 14:18:52,581 INFO     ___FILE_ONLY___ ═
2025-02-12 14:18:52,581 INFO     ___FILE_ONLY___ ═
2025-02-12 14:18:52,581 INFO     ___FILE_ONLY___ ═
2025-02-12 14:18:52,582 INFO     ___FILE_ONLY___ ═
2025-02-12 14:18:52,582 INFO     ___FILE_ONLY___ ═
2025-02-12 14:18:52,582 INFO     ___FILE_ONLY___ ═
2025-02-12 14:18:52,582 INFO     ___FILE_ONLY___ ═
2025-02-12 14:18:52,582 INFO     ___FILE_ONLY___ ═
2025-02-12 14:18:52,582 INFO     ___FILE_ONLY___ ═
2025-02-12 14:18:52,582 INFO     ___FILE_ONLY___ ═
2025-02-12 14:18:52,582 INFO     ___FILE_ONLY___ ═
2025-02-12 14:18:52,582 INFO     ___FILE_ONLY___ ═
2025-02-12 14:18:52,582 INFO     ___FILE_ONLY___ ═
2025-02-12 14:18:52,582 INFO     ___FILE_ONLY___ ═
2025-02-12 14:18:52,582 INFO     ___FILE_ONLY___ ═
2025-02-12 14:18:52,582 INFO     ___FILE_ONLY___ ═
2025-02-12 14:18:52,583 INFO     ___FILE_ONLY___ ═
2025-02-12 14:18:52,583 INFO     ___FILE_ONLY___ ═
2025-02-12 14:18:52,583 INFO     ___FILE_ONLY___ ═
2025-02-12 14:18:52,583 INFO     ___FILE_ONLY___ ═
2025-02-12 14:18:52,583 INFO     ___FILE_ONLY___ ═
2025-02-12 14:18:52,583 INFO     ___FILE_ONLY___ ═
2025-02-12 14:18:52,583 INFO     ___FILE_ONLY___ ═
2025-02-12 14:18:52,583 INFO     ___FILE_ONLY___ ═
2025-02-12 14:18:52,583 INFO     ___FILE_ONLY___ ═
2025-02-12 14:18:52,583 INFO     ___FILE_ONLY___ ═
2025-02-12 14:18:52,583 INFO     ___FILE_ONLY___ ═
2025-02-12 14:18:52,583 INFO     ___FILE_ONLY___ ═
2025-02-12 14:18:52,584 INFO     ___FILE_ONLY___ ═
2025-02-12 14:18:52,584 INFO     ___FILE_ONLY___ ═
2025-02-12 14:18:52,584 INFO     ___FILE_ONLY___ ╝

2025-02-12 14:18:52,586 INFO     ___FILE_ONLY___ ╔════════════════════════════════════════════════════════════╗

2025-02-12 14:18:52,586 INFO     ___FILE_ONLY___ ╠═ Downloading: BigQuery Command Line Tool (Platform Spe... ═╣

2025-02-12 14:18:52,586 INFO     ___FILE_ONLY___ ╚
2025-02-12 14:18:52,589 DEBUG    urllib3.connectionpool Starting new HTTPS connection (1): dl.google.com:443
2025-02-12 14:18:52,814 DEBUG    urllib3.connectionpool https://dl.google.com:443 "GET /dl/cloudsdk/channels/rapid/components/google-cloud-sdk-bq-nix-20240830134514.tar.gz HTTP/11" 200 1914
2025-02-12 14:18:52,815 INFO     ___FILE_ONLY___ ════════════════════════════════════════════════════════════
2025-02-12 14:18:52,815 INFO     ___FILE_ONLY___ ╝

2025-02-12 14:18:52,816 INFO     ___FILE_ONLY___ ╔════════════════════════════════════════════════════════════╗

2025-02-12 14:18:52,817 INFO     ___FILE_ONLY___ ╠═ Downloading: Bundled Python 3.12                         ═╣

2025-02-12 14:18:52,817 INFO     ___FILE_ONLY___ ╚
2025-02-12 14:18:52,817 INFO     ___FILE_ONLY___ ════════════════════════════════════════════════════════════
2025-02-12 14:18:52,817 INFO     ___FILE_ONLY___ ╝

2025-02-12 14:18:52,818 INFO     ___FILE_ONLY___ ╔════════════════════════════════════════════════════════════╗

2025-02-12 14:18:52,818 INFO     ___FILE_ONLY___ ╠═ Downloading: Bundled Python 3.12 (Platform Specific)     ═╣

2025-02-12 14:18:52,819 INFO     ___FILE_ONLY___ ╚
2025-02-12 14:18:52,821 DEBUG    urllib3.connectionpool Starting new HTTPS connection (1): dl.google.com:443
2025-02-12 14:18:53,049 DEBUG    urllib3.connectionpool https://dl.google.com:443 "GET /dl/cloudsdk/channels/rapid/components/google-cloud-sdk-bundled-python3-unix-linux-x86_64-20250131143518.tar.gz HTTP/11" 200 93520256
2025-02-12 14:18:53,383 INFO     ___FILE_ONLY___ ═
2025-02-12 14:18:53,385 INFO     ___FILE_ONLY___ ═
2025-02-12 14:18:53,387 INFO     ___FILE_ONLY___ ═
2025-02-12 14:18:53,388 INFO     ___FILE_ONLY___ ═
2025-02-12 14:18:53,390 INFO     ___FILE_ONLY___ ═
2025-02-12 14:18:53,392 INFO     ___FILE_ONLY___ ═
2025-02-12 14:18:53,393 INFO     ___FILE_ONLY___ ═
2025-02-12 14:18:53,395 INFO     ___FILE_ONLY___ ═
2025-02-12 14:18:53,397 INFO     ___FILE_ONLY___ ═
2025-02-12 14:18:53,399 INFO     ___FILE_ONLY___ ═
2025-02-12 14:18:53,400 INFO     ___FILE_ONLY___ ═
2025-02-12 14:18:53,402 INFO     ___FILE_ONLY___ ═
2025-02-12 14:18:53,404 INFO     ___FILE_ONLY___ ═
2025-02-12 14:18:53,405 INFO     ___FILE_ONLY___ ═
2025-02-12 14:18:53,407 INFO     ___FILE_ONLY___ ═
2025-02-12 14:18:53,409 INFO     ___FILE_ONLY___ ═
2025-02-12 14:18:53,411 INFO     ___FILE_ONLY___ ═
2025-02-12 14:18:53,412 INFO     ___FILE_ONLY___ ═
2025-02-12 14:18:53,414 INFO     ___FILE_ONLY___ ═
2025-02-12 14:18:53,416 INFO     ___FILE_ONLY___ ═
2025-02-12 14:18:53,417 INFO     ___FILE_ONLY___ ═
2025-02-12 14:18:53,419 INFO     ___FILE_ONLY___ ═
2025-02-12 14:18:53,421 INFO     ___FILE_ONLY___ ═
2025-02-12 14:18:53,423 INFO     ___FILE_ONLY___ ═
2025-02-12 14:18:53,424 INFO     ___FILE_ONLY___ ═
2025-02-12 14:18:53,426 INFO     ___FILE_ONLY___ ═
2025-02-12 14:18:53,428 INFO     ___FILE_ONLY___ ═
2025-02-12 14:18:53,430 INFO     ___FILE_ONLY___ ═
2025-02-12 14:18:53,431 INFO     ___FILE_ONLY___ ═
2025-02-12 14:18:53,433 INFO     ___FILE_ONLY___ ═
2025-02-12 14:18:53,435 INFO     ___FILE_ONLY___ ═
2025-02-12 14:18:53,437 INFO     ___FILE_ONLY___ ═
2025-02-12 14:18:53,438 INFO     ___FILE_ONLY___ ═
2025-02-12 14:18:53,440 INFO     ___FILE_ONLY___ ═
2025-02-12 14:18:53,442 INFO     ___FILE_ONLY___ ═
2025-02-12 14:18:53,444 INFO     ___FILE_ONLY___ ═
2025-02-12 14:18:53,446 INFO     ___FILE_ONLY___ ═
2025-02-12 14:18:53,447 INFO     ___FILE_ONLY___ ═
2025-02-12 14:18:53,449 INFO     ___FILE_ONLY___ ═
2025-02-12 14:18:53,451 INFO     ___FILE_ONLY___ ═
2025-02-12 14:18:53,452 INFO     ___FILE_ONLY___ ═
2025-02-12 14:18:53,454 INFO     ___FILE_ONLY___ ═
2025-02-12 14:18:53,456 INFO     ___FILE_ONLY___ ═
2025-02-12 14:18:53,458 INFO     ___FILE_ONLY___ ═
2025-02-12 14:18:53,459 INFO     ___FILE_ONLY___ ═
2025-02-12 14:18:53,461 INFO     ___FILE_ONLY___ ═
2025-02-12 14:18:53,463 INFO     ___FILE_ONLY___ ═
2025-02-12 14:18:53,465 INFO     ___FILE_ONLY___ ═
2025-02-12 14:18:53,466 INFO     ___FILE_ONLY___ ═
2025-02-12 14:18:53,468 INFO     ___FILE_ONLY___ ═
2025-02-12 14:18:53,470 INFO     ___FILE_ONLY___ ═
2025-02-12 14:18:53,472 INFO     ___FILE_ONLY___ ═
2025-02-12 14:18:53,473 INFO     ___FILE_ONLY___ ═
2025-02-12 14:18:53,475 INFO     ___FILE_ONLY___ ═
2025-02-12 14:18:53,477 INFO     ___FILE_ONLY___ ═
2025-02-12 14:18:53,479 INFO     ___FILE_ONLY___ ═
2025-02-12 14:18:53,480 INFO     ___FILE_ONLY___ ═
2025-02-12 14:18:53,482 INFO     ___FILE_ONLY___ ═
2025-02-12 14:18:53,484 INFO     ___FILE_ONLY___ ═
2025-02-12 14:18:53,486 INFO     ___FILE_ONLY___ ═
2025-02-12 14:18:53,486 INFO     ___FILE_ONLY___ ╝

2025-02-12 14:18:53,492 INFO     ___FILE_ONLY___ ╔════════════════════════════════════════════════════════════╗

2025-02-12 14:18:53,492 INFO     ___FILE_ONLY___ ╠═ Downloading: Cloud Storage Command Line Tool             ═╣

2025-02-12 14:18:53,492 INFO     ___FILE_ONLY___ ╚
2025-02-12 14:18:53,494 DEBUG    urllib3.connectionpool Starting new HTTPS connection (1): dl.google.com:443
2025-02-12 14:18:53,729 DEBUG    urllib3.connectionpool https://dl.google.com:443 "GET /dl/cloudsdk/channels/rapid/components/google-cloud-sdk-gsutil-20241213184646.tar.gz HTTP/11" 200 12368759
2025-02-12 14:18:53,776 INFO     ___FILE_ONLY___ ═
2025-02-12 14:18:53,777 INFO     ___FILE_ONLY___ ═
2025-02-12 14:18:53,777 INFO     ___FILE_ONLY___ ═
2025-02-12 14:18:53,777 INFO     ___FILE_ONLY___ ═
2025-02-12 14:18:53,777 INFO     ___FILE_ONLY___ ═
2025-02-12 14:18:53,778 INFO     ___FILE_ONLY___ ═
2025-02-12 14:18:53,778 INFO     ___FILE_ONLY___ ═
2025-02-12 14:18:53,778 INFO     ___FILE_ONLY___ ═
2025-02-12 14:18:53,779 INFO     ___FILE_ONLY___ ═
2025-02-12 14:18:53,779 INFO     ___FILE_ONLY___ ═
2025-02-12 14:18:53,779 INFO     ___FILE_ONLY___ ═
2025-02-12 14:18:53,780 INFO     ___FILE_ONLY___ ═
2025-02-12 14:18:53,780 INFO     ___FILE_ONLY___ ═
2025-02-12 14:18:53,780 INFO     ___FILE_ONLY___ ═
2025-02-12 14:18:53,781 INFO     ___FILE_ONLY___ ═
2025-02-12 14:18:53,781 INFO     ___FILE_ONLY___ ═
2025-02-12 14:18:53,781 INFO     ___FILE_ONLY___ ═
2025-02-12 14:18:53,782 INFO     ___FILE_ONLY___ ═
2025-02-12 14:18:53,782 INFO     ___FILE_ONLY___ ═
2025-02-12 14:18:53,782 INFO     ___FILE_ONLY___ ═
2025-02-12 14:18:53,783 INFO     ___FILE_ONLY___ ═
2025-02-12 14:18:53,783 INFO     ___FILE_ONLY___ ═
2025-02-12 14:18:53,783 INFO     ___FILE_ONLY___ ═
2025-02-12 14:18:53,784 INFO     ___FILE_ONLY___ ═
2025-02-12 14:18:53,784 INFO     ___FILE_ONLY___ ═
2025-02-12 14:18:53,784 INFO     ___FILE_ONLY___ ═
2025-02-12 14:18:53,785 INFO     ___FILE_ONLY___ ═
2025-02-12 14:18:53,785 INFO     ___FILE_ONLY___ ═
2025-02-12 14:18:53,785 INFO     ___FILE_ONLY___ ═
2025-02-12 14:18:53,786 INFO     ___FILE_ONLY___ ═
2025-02-12 14:18:53,786 INFO     ___FILE_ONLY___ ═
2025-02-12 14:18:53,786 INFO     ___FILE_ONLY___ ═
2025-02-12 14:18:53,786 INFO     ___FILE_ONLY___ ═
2025-02-12 14:18:53,787 INFO     ___FILE_ONLY___ ═
2025-02-12 14:18:53,787 INFO     ___FILE_ONLY___ ═
2025-02-12 14:18:53,787 INFO     ___FILE_ONLY___ ═
2025-02-12 14:18:53,788 INFO     ___FILE_ONLY___ ═
2025-02-12 14:18:53,788 INFO     ___FILE_ONLY___ ═
2025-02-12 14:18:53,788 INFO     ___FILE_ONLY___ ═
2025-02-12 14:18:53,789 INFO     ___FILE_ONLY___ ═
2025-02-12 14:18:53,789 INFO     ___FILE_ONLY___ ═
2025-02-12 14:18:53,789 INFO     ___FILE_ONLY___ ═
2025-02-12 14:18:53,790 INFO     ___FILE_ONLY___ ═
2025-02-12 14:18:53,790 INFO     ___FILE_ONLY___ ═
2025-02-12 14:18:53,790 INFO     ___FILE_ONLY___ ═
2025-02-12 14:18:53,791 INFO     ___FILE_ONLY___ ═
2025-02-12 14:18:53,791 INFO     ___FILE_ONLY___ ═
2025-02-12 14:18:53,791 INFO     ___FILE_ONLY___ ═
2025-02-12 14:18:53,792 INFO     ___FILE_ONLY___ ═
2025-02-12 14:18:53,792 INFO     ___FILE_ONLY___ ═
2025-02-12 14:18:53,792 INFO     ___FILE_ONLY___ ═
2025-02-12 14:18:53,793 INFO     ___FILE_ONLY___ ═
2025-02-12 14:18:53,793 INFO     ___FILE_ONLY___ ═
2025-02-12 14:18:53,793 INFO     ___FILE_ONLY___ ═
2025-02-12 14:18:53,794 INFO     ___FILE_ONLY___ ═
2025-02-12 14:18:53,794 INFO     ___FILE_ONLY___ ═
2025-02-12 14:18:53,794 INFO     ___FILE_ONLY___ ═
2025-02-12 14:18:53,795 INFO     ___FILE_ONLY___ ═
2025-02-12 14:18:53,795 INFO     ___FILE_ONLY___ ═
2025-02-12 14:18:53,795 INFO     ___FILE_ONLY___ ═
2025-02-12 14:18:53,795 INFO     ___FILE_ONLY___ ╝

2025-02-12 14:18:53,797 INFO     ___FILE_ONLY___ ╔════════════════════════════════════════════════════════════╗

2025-02-12 14:18:53,798 INFO     ___FILE_ONLY___ ╠═ Downloading: Cloud Storage Command Line Tool (Platfor... ═╣

2025-02-12 14:18:53,798 INFO     ___FILE_ONLY___ ╚
2025-02-12 14:18:53,800 DEBUG    urllib3.connectionpool Starting new HTTPS connection (1): dl.google.com:443
2025-02-12 14:18:54,028 DEBUG    urllib3.connectionpool https://dl.google.com:443 "GET /dl/cloudsdk/channels/rapid/components/google-cloud-sdk-gsutil-nix-20240830134514.tar.gz HTTP/11" 200 1928
2025-02-12 14:18:54,028 INFO     ___FILE_ONLY___ ════════════════════════════════════════════════════════════
2025-02-12 14:18:54,028 INFO     ___FILE_ONLY___ ╝

2025-02-12 14:18:54,030 INFO     ___FILE_ONLY___ ╔════════════════════════════════════════════════════════════╗

2025-02-12 14:18:54,030 INFO     ___FILE_ONLY___ ╠═ Downloading: Default set of gcloud commands              ═╣

2025-02-12 14:18:54,030 INFO     ___FILE_ONLY___ ╚
2025-02-12 14:18:54,030 INFO     ___FILE_ONLY___ ════════════════════════════════════════════════════════════
2025-02-12 14:18:54,031 INFO     ___FILE_ONLY___ ╝

2025-02-12 14:18:54,032 INFO     ___FILE_ONLY___ ╔════════════════════════════════════════════════════════════╗

2025-02-12 14:18:54,032 INFO     ___FILE_ONLY___ ╠═ Downloading: Google Cloud CLI Core Libraries (Platfor... ═╣

2025-02-12 14:18:54,032 INFO     ___FILE_ONLY___ ╚
2025-02-12 14:18:54,035 DEBUG    urllib3.connectionpool Starting new HTTPS connection (1): dl.google.com:443
2025-02-12 14:18:54,282 DEBUG    urllib3.connectionpool https://dl.google.com:443 "GET /dl/cloudsdk/channels/rapid/components/google-cloud-sdk-core-nix-20240830134514.tar.gz HTTP/11" 200 2306
2025-02-12 14:18:54,283 INFO     ___FILE_ONLY___ ════════════════════════════════════════════════════════════
2025-02-12 14:18:54,283 INFO     ___FILE_ONLY___ ╝

2025-02-12 14:18:54,285 INFO     ___FILE_ONLY___ ╔════════════════════════════════════════════════════════════╗

2025-02-12 14:18:54,285 INFO     ___FILE_ONLY___ ╠═ Downloading: Google Cloud CRC32C Hash Tool               ═╣

2025-02-12 14:18:54,285 INFO     ___FILE_ONLY___ ╚
2025-02-12 14:18:54,285 INFO     ___FILE_ONLY___ ════════════════════════════════════════════════════════════
2025-02-12 14:18:54,285 INFO     ___FILE_ONLY___ ╝

2025-02-12 14:18:54,286 INFO     ___FILE_ONLY___ ╔════════════════════════════════════════════════════════════╗

2025-02-12 14:18:54,287 INFO     ___FILE_ONLY___ ╠═ Downloading: Google Cloud CRC32C Hash Tool (Platform ... ═╣

2025-02-12 14:18:54,287 INFO     ___FILE_ONLY___ ╚
2025-02-12 14:18:54,289 DEBUG    urllib3.connectionpool Starting new HTTPS connection (1): dl.google.com:443
2025-02-12 14:18:54,516 DEBUG    urllib3.connectionpool https://dl.google.com:443 "GET /dl/cloudsdk/channels/rapid/components/google-cloud-sdk-gcloud-crc32c-linux-x86_64-20250110133808.tar.gz HTTP/11" 200 1478989
2025-02-12 14:18:54,527 INFO     ___FILE_ONLY___ ═
2025-02-12 14:18:54,528 INFO     ___FILE_ONLY___ ═
2025-02-12 14:18:54,528 INFO     ___FILE_ONLY___ ═
2025-02-12 14:18:54,528 INFO     ___FILE_ONLY___ ═
2025-02-12 14:18:54,528 INFO     ___FILE_ONLY___ ═
2025-02-12 14:18:54,528 INFO     ___FILE_ONLY___ ═
2025-02-12 14:18:54,528 INFO     ___FILE_ONLY___ ═
2025-02-12 14:18:54,528 INFO     ___FILE_ONLY___ ═
2025-02-12 14:18:54,528 INFO     ___FILE_ONLY___ ═
2025-02-12 14:18:54,528 INFO     ___FILE_ONLY___ ═
2025-02-12 14:18:54,528 INFO     ___FILE_ONLY___ ═
2025-02-12 14:18:54,528 INFO     ___FILE_ONLY___ ═
2025-02-12 14:18:54,529 INFO     ___FILE_ONLY___ ═
2025-02-12 14:18:54,529 INFO     ___FILE_ONLY___ ═
2025-02-12 14:18:54,529 INFO     ___FILE_ONLY___ ═
2025-02-12 14:18:54,529 INFO     ___FILE_ONLY___ ═
2025-02-12 14:18:54,529 INFO     ___FILE_ONLY___ ═
2025-02-12 14:18:54,529 INFO     ___FILE_ONLY___ ═
2025-02-12 14:18:54,529 INFO     ___FILE_ONLY___ ═
2025-02-12 14:18:54,529 INFO     ___FILE_ONLY___ ═
2025-02-12 14:18:54,529 INFO     ___FILE_ONLY___ ═
2025-02-12 14:18:54,529 INFO     ___FILE_ONLY___ ═
2025-02-12 14:18:54,529 INFO     ___FILE_ONLY___ ═
2025-02-12 14:18:54,529 INFO     ___FILE_ONLY___ ═
2025-02-12 14:18:54,530 INFO     ___FILE_ONLY___ ═
2025-02-12 14:18:54,530 INFO     ___FILE_ONLY___ ═
2025-02-12 14:18:54,530 INFO     ___FILE_ONLY___ ═
2025-02-12 14:18:54,530 INFO     ___FILE_ONLY___ ═
2025-02-12 14:18:54,530 INFO     ___FILE_ONLY___ ═
2025-02-12 14:18:54,530 INFO     ___FILE_ONLY___ ═
2025-02-12 14:18:54,530 INFO     ___FILE_ONLY___ ═
2025-02-12 14:18:54,530 INFO     ___FILE_ONLY___ ═
2025-02-12 14:18:54,530 INFO     ___FILE_ONLY___ ═
2025-02-12 14:18:54,530 INFO     ___FILE_ONLY___ ═
2025-02-12 14:18:54,530 INFO     ___FILE_ONLY___ ═
2025-02-12 14:18:54,530 INFO     ___FILE_ONLY___ ═
2025-02-12 14:18:54,530 INFO     ___FILE_ONLY___ ═
2025-02-12 14:18:54,531 INFO     ___FILE_ONLY___ ═
2025-02-12 14:18:54,531 INFO     ___FILE_ONLY___ ═
2025-02-12 14:18:54,531 INFO     ___FILE_ONLY___ ═
2025-02-12 14:18:54,531 INFO     ___FILE_ONLY___ ═
2025-02-12 14:18:54,531 INFO     ___FILE_ONLY___ ═
2025-02-12 14:18:54,531 INFO     ___FILE_ONLY___ ═
2025-02-12 14:18:54,531 INFO     ___FILE_ONLY___ ═
2025-02-12 14:18:54,531 INFO     ___FILE_ONLY___ ═
2025-02-12 14:18:54,531 INFO     ___FILE_ONLY___ ═
2025-02-12 14:18:54,531 INFO     ___FILE_ONLY___ ═
2025-02-12 14:18:54,531 INFO     ___FILE_ONLY___ ═
2025-02-12 14:18:54,531 INFO     ___FILE_ONLY___ ═
2025-02-12 14:18:54,531 INFO     ___FILE_ONLY___ ═
2025-02-12 14:18:54,532 INFO     ___FILE_ONLY___ ═
2025-02-12 14:18:54,532 INFO     ___FILE_ONLY___ ═
2025-02-12 14:18:54,532 INFO     ___FILE_ONLY___ ═
2025-02-12 14:18:54,532 INFO     ___FILE_ONLY___ ═
2025-02-12 14:18:54,532 INFO     ___FILE_ONLY___ ═
2025-02-12 14:18:54,532 INFO     ___FILE_ONLY___ ═
2025-02-12 14:18:54,532 INFO     ___FILE_ONLY___ ═
2025-02-12 14:18:54,532 INFO     ___FILE_ONLY___ ═
2025-02-12 14:18:54,532 INFO     ___FILE_ONLY___ ═
2025-02-12 14:18:54,532 INFO     ___FILE_ONLY___ ═
2025-02-12 14:18:54,532 INFO     ___FILE_ONLY___ ╝

2025-02-12 14:18:54,534 INFO     ___FILE_ONLY___ ╔════════════════════════════════════════════════════════════╗

2025-02-12 14:18:54,534 INFO     ___FILE_ONLY___ ╠═ Downloading: gcloud cli dependencies (Platform Specific) ═╣

2025-02-12 14:18:54,534 INFO     ___FILE_ONLY___ ╚
2025-02-12 14:18:54,538 DEBUG    urllib3.connectionpool Starting new HTTPS connection (1): dl.google.com:443
2025-02-12 14:18:54,809 DEBUG    urllib3.connectionpool https://dl.google.com:443 "GET /dl/cloudsdk/channels/rapid/components/google-cloud-sdk-gcloud-deps-linux-x86_64-20210416153011.tar.gz HTTP/11" 200 104
2025-02-12 14:18:54,810 INFO     ___FILE_ONLY___ ════════════════════════════════════════════════════════════
2025-02-12 14:18:54,810 INFO     ___FILE_ONLY___ ╝

2025-02-12 14:18:54,812 INFO     ___FILE_ONLY___ ╔════════════════════════════════════════════════════════════╗

2025-02-12 14:18:54,812 INFO     ___FILE_ONLY___ ╠═ Installing: BigQuery Command Line Tool                   ═╣

2025-02-12 14:18:54,812 INFO     ___FILE_ONLY___ ╚
2025-02-12 14:18:54,904 INFO     ___FILE_ONLY___ ═
2025-02-12 14:18:54,906 INFO     ___FILE_ONLY___ ═
2025-02-12 14:18:54,908 INFO     ___FILE_ONLY___ ═
2025-02-12 14:18:54,911 INFO     ___FILE_ONLY___ ═
2025-02-12 14:18:54,913 INFO     ___FILE_ONLY___ ═
2025-02-12 14:18:54,915 INFO     ___FILE_ONLY___ ═
2025-02-12 14:18:54,917 INFO     ___FILE_ONLY___ ═
2025-02-12 14:18:54,919 INFO     ___FILE_ONLY___ ═
2025-02-12 14:18:54,921 INFO     ___FILE_ONLY___ ═
2025-02-12 14:18:54,923 INFO     ___FILE_ONLY___ ═
2025-02-12 14:18:54,925 INFO     ___FILE_ONLY___ ═
2025-02-12 14:18:54,927 INFO     ___FILE_ONLY___ ═
2025-02-12 14:18:54,929 INFO     ___FILE_ONLY___ ═
2025-02-12 14:18:54,931 INFO     ___FILE_ONLY___ ═
2025-02-12 14:18:54,933 INFO     ___FILE_ONLY___ ═
2025-02-12 14:18:54,935 INFO     ___FILE_ONLY___ ═
2025-02-12 14:18:54,937 INFO     ___FILE_ONLY___ ═
2025-02-12 14:18:54,940 INFO     ___FILE_ONLY___ ═
2025-02-12 14:18:54,942 INFO     ___FILE_ONLY___ ═
2025-02-12 14:18:54,944 INFO     ___FILE_ONLY___ ═
2025-02-12 14:18:54,946 INFO     ___FILE_ONLY___ ═
2025-02-12 14:18:54,948 INFO     ___FILE_ONLY___ ═
2025-02-12 14:18:54,950 INFO     ___FILE_ONLY___ ═
2025-02-12 14:18:54,952 INFO     ___FILE_ONLY___ ═
2025-02-12 14:18:54,954 INFO     ___FILE_ONLY___ ═
2025-02-12 14:18:54,955 INFO     ___FILE_ONLY___ ═
2025-02-12 14:18:54,957 INFO     ___FILE_ONLY___ ═
2025-02-12 14:18:54,960 INFO     ___FILE_ONLY___ ═
2025-02-12 14:18:54,963 INFO     ___FILE_ONLY___ ═
2025-02-12 14:18:54,965 INFO     ___FILE_ONLY___ ═
2025-02-12 14:18:54,967 INFO     ___FILE_ONLY___ ═
2025-02-12 14:18:54,968 INFO     ___FILE_ONLY___ ═
2025-02-12 14:18:54,971 INFO     ___FILE_ONLY___ ═
2025-02-12 14:18:54,975 INFO     ___FILE_ONLY___ ═
2025-02-12 14:18:54,984 INFO     ___FILE_ONLY___ ═
2025-02-12 14:18:54,985 INFO     ___FILE_ONLY___ ═
2025-02-12 14:18:54,987 INFO     ___FILE_ONLY___ ═
2025-02-12 14:18:54,992 INFO     ___FILE_ONLY___ ═
2025-02-12 14:18:54,994 INFO     ___FILE_ONLY___ ═
2025-02-12 14:18:54,996 INFO     ___FILE_ONLY___ ═
2025-02-12 14:18:54,998 INFO     ___FILE_ONLY___ ═
2025-02-12 14:18:55,000 INFO     ___FILE_ONLY___ ═
2025-02-12 14:18:55,003 INFO     ___FILE_ONLY___ ═
2025-02-12 14:18:55,007 INFO     ___FILE_ONLY___ ═
2025-02-12 14:18:55,009 INFO     ___FILE_ONLY___ ═
2025-02-12 14:18:55,011 INFO     ___FILE_ONLY___ ═
2025-02-12 14:18:55,012 INFO     ___FILE_ONLY___ ═
2025-02-12 14:18:55,014 INFO     ___FILE_ONLY___ ═
2025-02-12 14:18:55,016 INFO     ___FILE_ONLY___ ═
2025-02-12 14:18:55,019 INFO     ___FILE_ONLY___ ═
2025-02-12 14:18:55,020 INFO     ___FILE_ONLY___ ═
2025-02-12 14:18:55,022 INFO     ___FILE_ONLY___ ═
2025-02-12 14:18:55,024 INFO     ___FILE_ONLY___ ═
2025-02-12 14:18:55,026 INFO     ___FILE_ONLY___ ═
2025-02-12 14:18:55,028 INFO     ___FILE_ONLY___ ═
2025-02-12 14:18:55,030 INFO     ___FILE_ONLY___ ═
2025-02-12 14:18:55,032 INFO     ___FILE_ONLY___ ═
2025-02-12 14:18:55,034 INFO     ___FILE_ONLY___ ═
2025-02-12 14:18:55,036 INFO     ___FILE_ONLY___ ═
2025-02-12 14:18:55,038 INFO     ___FILE_ONLY___ ═
2025-02-12 14:18:55,038 INFO     ___FILE_ONLY___ ╝

2025-02-12 14:18:55,045 INFO     ___FILE_ONLY___ ╔════════════════════════════════════════════════════════════╗

2025-02-12 14:18:55,045 INFO     ___FILE_ONLY___ ╠═ Installing: BigQuery Command Line Tool (Platform Spec... ═╣

2025-02-12 14:18:55,045 INFO     ___FILE_ONLY___ ╚
2025-02-12 14:18:55,047 INFO     ___FILE_ONLY___ ════════════════════════════════════════════════════════════
2025-02-12 14:18:55,047 INFO     ___FILE_ONLY___ ╝

2025-02-12 14:18:55,051 INFO     ___FILE_ONLY___ ╔════════════════════════════════════════════════════════════╗

2025-02-12 14:18:55,051 INFO     ___FILE_ONLY___ ╠═ Installing: Bundled Python 3.12                          ═╣

2025-02-12 14:18:55,051 INFO     ___FILE_ONLY___ ╚
2025-02-12 14:18:55,053 INFO     ___FILE_ONLY___ ════════════════════════════════════════════════════════════
2025-02-12 14:18:55,054 INFO     ___FILE_ONLY___ ╝

2025-02-12 14:18:55,055 INFO     ___FILE_ONLY___ ╔════════════════════════════════════════════════════════════╗

2025-02-12 14:18:55,055 INFO     ___FILE_ONLY___ ╠═ Installing: Bundled Python 3.12 (Platform Specific)      ═╣

2025-02-12 14:18:55,055 INFO     ___FILE_ONLY___ ╚
2025-02-12 14:18:58,115 INFO     ___FILE_ONLY___ ═
2025-02-12 14:18:58,595 INFO     ___FILE_ONLY___ ═
2025-02-12 14:18:58,615 INFO     ___FILE_ONLY___ ═
2025-02-12 14:18:58,649 INFO     ___FILE_ONLY___ ═
2025-02-12 14:18:58,671 INFO     ___FILE_ONLY___ ═
2025-02-12 14:18:58,685 INFO     ___FILE_ONLY___ ═
2025-02-12 14:18:58,714 INFO     ___FILE_ONLY___ ═
2025-02-12 14:18:58,733 INFO     ___FILE_ONLY___ ═
2025-02-12 14:18:58,750 INFO     ___FILE_ONLY___ ═
2025-02-12 14:18:58,767 INFO     ___FILE_ONLY___ ═
2025-02-12 14:18:58,782 INFO     ___FILE_ONLY___ ═
2025-02-12 14:18:58,806 INFO     ___FILE_ONLY___ ═
2025-02-12 14:18:58,943 INFO     ___FILE_ONLY___ ═
2025-02-12 14:18:58,959 INFO     ___FILE_ONLY___ ═
2025-02-12 14:18:58,974 INFO     ___FILE_ONLY___ ═
2025-02-12 14:18:58,988 INFO     ___FILE_ONLY___ ═
2025-02-12 14:18:59,001 INFO     ___FILE_ONLY___ ═
2025-02-12 14:18:59,017 INFO     ___FILE_ONLY___ ═
2025-02-12 14:18:59,034 INFO     ___FILE_ONLY___ ═
2025-02-12 14:18:59,053 INFO     ___FILE_ONLY___ ═
2025-02-12 14:18:59,068 INFO     ___FILE_ONLY___ ═
2025-02-12 14:18:59,161 INFO     ___FILE_ONLY___ ═
2025-02-12 14:18:59,182 INFO     ___FILE_ONLY___ ═
2025-02-12 14:18:59,663 INFO     ___FILE_ONLY___ ═
2025-02-12 14:18:59,678 INFO     ___FILE_ONLY___ ═
2025-02-12 14:18:59,692 INFO     ___FILE_ONLY___ ═
2025-02-12 14:18:59,704 INFO     ___FILE_ONLY___ ═
2025-02-12 14:18:59,715 INFO     ___FILE_ONLY___ ═
2025-02-12 14:18:59,727 INFO     ___FILE_ONLY___ ═
2025-02-12 14:18:59,739 INFO     ___FILE_ONLY___ ═
2025-02-12 14:18:59,750 INFO     ___FILE_ONLY___ ═
2025-02-12 14:18:59,761 INFO     ___FILE_ONLY___ ═
2025-02-12 14:18:59,772 INFO     ___FILE_ONLY___ ═
2025-02-12 14:18:59,783 INFO     ___FILE_ONLY___ ═
2025-02-12 14:18:59,794 INFO     ___FILE_ONLY___ ═
2025-02-12 14:18:59,806 INFO     ___FILE_ONLY___ ═
2025-02-12 14:18:59,818 INFO     ___FILE_ONLY___ ═
2025-02-12 14:18:59,829 INFO     ___FILE_ONLY___ ═
2025-02-12 14:18:59,840 INFO     ___FILE_ONLY___ ═
2025-02-12 14:18:59,851 INFO     ___FILE_ONLY___ ═
2025-02-12 14:18:59,863 INFO     ___FILE_ONLY___ ═
2025-02-12 14:18:59,874 INFO     ___FILE_ONLY___ ═
2025-02-12 14:18:59,886 INFO     ___FILE_ONLY___ ═
2025-02-12 14:18:59,898 INFO     ___FILE_ONLY___ ═
2025-02-12 14:18:59,909 INFO     ___FILE_ONLY___ ═
2025-02-12 14:18:59,921 INFO     ___FILE_ONLY___ ═
2025-02-12 14:18:59,932 INFO     ___FILE_ONLY___ ═
2025-02-12 14:18:59,944 INFO     ___FILE_ONLY___ ═
2025-02-12 14:18:59,956 INFO     ___FILE_ONLY___ ═
2025-02-12 14:18:59,967 INFO     ___FILE_ONLY___ ═
2025-02-12 14:18:59,978 INFO     ___FILE_ONLY___ ═
2025-02-12 14:18:59,990 INFO     ___FILE_ONLY___ ═
2025-02-12 14:19:00,001 INFO     ___FILE_ONLY___ ═
2025-02-12 14:19:00,012 INFO     ___FILE_ONLY___ ═
2025-02-12 14:19:00,024 INFO     ___FILE_ONLY___ ═
2025-02-12 14:19:00,036 INFO     ___FILE_ONLY___ ═
2025-02-12 14:19:00,047 INFO     ___FILE_ONLY___ ═
2025-02-12 14:19:00,060 INFO     ___FILE_ONLY___ ═
2025-02-12 14:19:00,071 INFO     ___FILE_ONLY___ ═
2025-02-12 14:19:00,083 INFO     ___FILE_ONLY___ ═
2025-02-12 14:19:00,083 INFO     ___FILE_ONLY___ ╝

2025-02-12 14:19:00,134 INFO     ___FILE_ONLY___ ╔════════════════════════════════════════════════════════════╗

2025-02-12 14:19:00,134 INFO     ___FILE_ONLY___ ╠═ Installing: Cloud Storage Command Line Tool              ═╣

2025-02-12 14:19:00,134 INFO     ___FILE_ONLY___ ╚
2025-02-12 14:19:00,661 INFO     ___FILE_ONLY___ ═
2025-02-12 14:19:00,677 INFO     ___FILE_ONLY___ ═
2025-02-12 14:19:00,696 INFO     ___FILE_ONLY___ ═
2025-02-12 14:19:00,711 INFO     ___FILE_ONLY___ ═
2025-02-12 14:19:00,726 INFO     ___FILE_ONLY___ ═
2025-02-12 14:19:00,737 INFO     ___FILE_ONLY___ ═
2025-02-12 14:19:00,750 INFO     ___FILE_ONLY___ ═
2025-02-12 14:19:00,762 INFO     ___FILE_ONLY___ ═
2025-02-12 14:19:00,775 INFO     ___FILE_ONLY___ ═
2025-02-12 14:19:00,787 INFO     ___FILE_ONLY___ ═
2025-02-12 14:19:00,799 INFO     ___FILE_ONLY___ ═
2025-02-12 14:19:00,810 INFO     ___FILE_ONLY___ ═
2025-02-12 14:19:00,818 INFO     ___FILE_ONLY___ ═
2025-02-12 14:19:00,827 INFO     ___FILE_ONLY___ ═
2025-02-12 14:19:00,836 INFO     ___FILE_ONLY___ ═
2025-02-12 14:19:00,845 INFO     ___FILE_ONLY___ ═
2025-02-12 14:19:00,855 INFO     ___FILE_ONLY___ ═
2025-02-12 14:19:00,864 INFO     ___FILE_ONLY___ ═
2025-02-12 14:19:00,874 INFO     ___FILE_ONLY___ ═
2025-02-12 14:19:00,884 INFO     ___FILE_ONLY___ ═
2025-02-12 14:19:00,895 INFO     ___FILE_ONLY___ ═
2025-02-12 14:19:00,908 INFO     ___FILE_ONLY___ ═
2025-02-12 14:19:00,922 INFO     ___FILE_ONLY___ ═
2025-02-12 14:19:00,931 INFO     ___FILE_ONLY___ ═
2025-02-12 14:19:00,943 INFO     ___FILE_ONLY___ ═
2025-02-12 14:19:00,957 INFO     ___FILE_ONLY___ ═
2025-02-12 14:19:00,973 INFO     ___FILE_ONLY___ ═
2025-02-12 14:19:00,990 INFO     ___FILE_ONLY___ ═
2025-02-12 14:19:01,006 INFO     ___FILE_ONLY___ ═
2025-02-12 14:19:01,025 INFO     ___FILE_ONLY___ ═
2025-02-12 14:19:01,035 INFO     ___FILE_ONLY___ ═
2025-02-12 14:19:01,045 INFO     ___FILE_ONLY___ ═
2025-02-12 14:19:01,062 INFO     ___FILE_ONLY___ ═
2025-02-12 14:19:01,074 INFO     ___FILE_ONLY___ ═
2025-02-12 14:19:01,084 INFO     ___FILE_ONLY___ ═
2025-02-12 14:19:01,093 INFO     ___FILE_ONLY___ ═
2025-02-12 14:19:01,102 INFO     ___FILE_ONLY___ ═
2025-02-12 14:19:01,112 INFO     ___FILE_ONLY___ ═
2025-02-12 14:19:01,122 INFO     ___FILE_ONLY___ ═
2025-02-12 14:19:01,133 INFO     ___FILE_ONLY___ ═
2025-02-12 14:19:01,141 INFO     ___FILE_ONLY___ ═
2025-02-12 14:19:01,154 INFO     ___FILE_ONLY___ ═
2025-02-12 14:19:01,163 INFO     ___FILE_ONLY___ ═
2025-02-12 14:19:01,175 INFO     ___FILE_ONLY___ ═
2025-02-12 14:19:01,190 INFO     ___FILE_ONLY___ ═
2025-02-12 14:19:01,201 INFO     ___FILE_ONLY___ ═
2025-02-12 14:19:01,209 INFO     ___FILE_ONLY___ ═
2025-02-12 14:19:01,219 INFO     ___FILE_ONLY___ ═
2025-02-12 14:19:01,228 INFO     ___FILE_ONLY___ ═
2025-02-12 14:19:01,240 INFO     ___FILE_ONLY___ ═
2025-02-12 14:19:01,256 INFO     ___FILE_ONLY___ ═
2025-02-12 14:19:01,267 INFO     ___FILE_ONLY___ ═
2025-02-12 14:19:01,281 INFO     ___FILE_ONLY___ ═
2025-02-12 14:19:01,293 INFO     ___FILE_ONLY___ ═
2025-02-12 14:19:01,327 INFO     ___FILE_ONLY___ ═
2025-02-12 14:19:01,336 INFO     ___FILE_ONLY___ ═
2025-02-12 14:19:01,345 INFO     ___FILE_ONLY___ ═
2025-02-12 14:19:01,354 INFO     ___FILE_ONLY___ ═
2025-02-12 14:19:01,364 INFO     ___FILE_ONLY___ ═
2025-02-12 14:19:01,378 INFO     ___FILE_ONLY___ ═
2025-02-12 14:19:01,378 INFO     ___FILE_ONLY___ ╝

2025-02-12 14:19:01,407 INFO     ___FILE_ONLY___ ╔════════════════════════════════════════════════════════════╗

2025-02-12 14:19:01,407 INFO     ___FILE_ONLY___ ╠═ Installing: Cloud Storage Command Line Tool (Platform... ═╣

2025-02-12 14:19:01,407 INFO     ___FILE_ONLY___ ╚
2025-02-12 14:19:01,408 INFO     ___FILE_ONLY___ ════════════════════════════════════════════════════════════
2025-02-12 14:19:01,408 INFO     ___FILE_ONLY___ ╝

2025-02-12 14:19:01,412 INFO     ___FILE_ONLY___ ╔════════════════════════════════════════════════════════════╗

2025-02-12 14:19:01,412 INFO     ___FILE_ONLY___ ╠═ Installing: Default set of gcloud commands               ═╣

2025-02-12 14:19:01,412 INFO     ___FILE_ONLY___ ╚
2025-02-12 14:19:01,415 INFO     ___FILE_ONLY___ ════════════════════════════════════════════════════════════
2025-02-12 14:19:01,415 INFO     ___FILE_ONLY___ ╝

2025-02-12 14:19:01,416 INFO     ___FILE_ONLY___ ╔════════════════════════════════════════════════════════════╗

2025-02-12 14:19:01,416 INFO     ___FILE_ONLY___ ╠═ Installing: Google Cloud CLI Core Libraries (Platform... ═╣

2025-02-12 14:19:01,416 INFO     ___FILE_ONLY___ ╚
2025-02-12 14:19:01,417 INFO     ___FILE_ONLY___ ══════════════════════════════
2025-02-12 14:19:01,418 INFO     ___FILE_ONLY___ ══════════════════════════════
2025-02-12 14:19:01,418 INFO     ___FILE_ONLY___ ╝

2025-02-12 14:19:01,421 INFO     ___FILE_ONLY___ ╔════════════════════════════════════════════════════════════╗

2025-02-12 14:19:01,421 INFO     ___FILE_ONLY___ ╠═ Installing: Google Cloud CRC32C Hash Tool                ═╣

2025-02-12 14:19:01,421 INFO     ___FILE_ONLY___ ╚
2025-02-12 14:19:01,424 INFO     ___FILE_ONLY___ ════════════════════════════════════════════════════════════
2025-02-12 14:19:01,424 INFO     ___FILE_ONLY___ ╝

2025-02-12 14:19:01,425 INFO     ___FILE_ONLY___ ╔════════════════════════════════════════════════════════════╗

2025-02-12 14:19:01,425 INFO     ___FILE_ONLY___ ╠═ Installing: Google Cloud CRC32C Hash Tool (Platform S... ═╣

2025-02-12 14:19:01,425 INFO     ___FILE_ONLY___ ╚
2025-02-12 14:19:01,463 INFO     ___FILE_ONLY___ ══════════════════════════════
2025-02-12 14:19:01,463 INFO     ___FILE_ONLY___ ══════════════════════════════
2025-02-12 14:19:01,463 INFO     ___FILE_ONLY___ ╝

2025-02-12 14:19:01,468 INFO     ___FILE_ONLY___ ╔════════════════════════════════════════════════════════════╗

2025-02-12 14:19:01,468 INFO     ___FILE_ONLY___ ╠═ Installing: gcloud cli dependencies (Platform Specific)  ═╣

2025-02-12 14:19:01,468 INFO     ___FILE_ONLY___ ╚
2025-02-12 14:19:01,468 INFO     ___FILE_ONLY___ ════════════════════════════════════════════════════════════
2025-02-12 14:19:01,468 INFO     ___FILE_ONLY___ ╝

2025-02-12 14:19:01,473 DEBUG    root            Updating notification cache...
2025-02-12 14:19:01,473 INFO     ___FILE_ONLY___ 

2025-02-12 14:19:01,475 INFO     ___FILE_ONLY___ Performing post processing steps...
2025-02-12 14:19:01,475 DEBUG    root            Executing command: ['/tools/google-cloud-sdk/bin/gcloud', 'components', 'post-process']
2025-02-12 14:19:09,712 DEBUG    ___FILE_ONLY___ 
2025-02-12 14:19:09,712 DEBUG    ___FILE_ONLY___ 
2025-02-12 14:19:09,754 INFO     ___FILE_ONLY___ 
Update done!


2025-02-12 14:19:09,756 DEBUG    root            Chosen display Format:none
2025-02-12 14:19:09,757 INFO     root            Display format: "none"
